{"meta": {"version": "6.4.2", "timestamp": "2022-08-19T19:10:55.405597", "branch_coverage": false, "show_contexts": false}, "files": {"tests/dummy_machine.py": {"executed_lines": [28, 29], "summary": {"covered_lines": 2, "num_statements": 27, "percent_covered": 7.407407407407407, "percent_covered_display": "7", "missing_lines": 25, "excluded_lines": 0}, "missing_lines": [30, 33, 35, 36, 37, 38, 39, 40, 41, 42, 43, 45, 46, 48, 49, 51, 52, 53, 55, 56, 58, 59, 61, 62, 64], "excluded_lines": []}, "tests/test_abort_file.py": {"executed_lines": [27, 28, 30, 32, 33, 35, 37], "summary": {"covered_lines": 7, "num_statements": 71, "percent_covered": 9.859154929577464, "percent_covered_display": "10", "missing_lines": 64, "excluded_lines": 0}, "missing_lines": [38, 39, 40, 43, 44, 46, 47, 51, 52, 53, 54, 55, 56, 58, 60, 61, 64, 65, 66, 67, 68, 69, 70, 72, 73, 74, 75, 76, 78, 91, 92, 93, 95, 113, 114, 116, 117, 118, 119, 120, 121, 122, 123, 126, 127, 128, 130, 133, 134, 135, 136, 137, 138, 139, 142, 143, 144, 147, 148, 149, 150, 151, 152, 153], "excluded_lines": []}, "tests/test_add_session.py": {"executed_lines": [27, 28, 29, 30, 31, 33, 34, 36, 38], "summary": {"covered_lines": 9, "num_statements": 42, "percent_covered": 21.428571428571427, "percent_covered_display": "21", "missing_lines": 33, "excluded_lines": 0}, "missing_lines": [39, 40, 41, 42, 43, 46, 47, 49, 50, 51, 52, 53, 54, 56, 74, 75, 76, 77, 78, 79, 80, 81, 82, 84, 85, 86, 88, 89, 90, 91, 92, 93, 94], "excluded_lines": []}, "tests/test_analyze_parse_db.py": {"executed_lines": [27, 28, 30, 31, 33, 35, 38], "summary": {"covered_lines": 7, "num_statements": 22, "percent_covered": 31.818181818181817, "percent_covered_display": "32", "missing_lines": 15, "excluded_lines": 0}, "missing_lines": [39, 40, 41, 43, 44, 45, 46, 48, 49, 50, 51, 53, 54, 55, 56], "excluded_lines": []}, "tests/test_connection.py": {"executed_lines": [27, 28, 30, 31, 33, 34, 37, 57], "summary": {"covered_lines": 8, "num_statements": 35, "percent_covered": 22.857142857142858, "percent_covered_display": "23", "missing_lines": 27, "excluded_lines": 0}, "missing_lines": [38, 40, 41, 42, 44, 45, 47, 49, 50, 52, 53, 54, 58, 59, 60, 61, 62, 63, 65, 66, 68, 76, 77, 79, 80, 82, 84], "excluded_lines": []}, "tests/test_dbBase.py": {"executed_lines": [27, 29, 30, 31, 33, 34, 35, 36, 38, 39, 41, 46, 64, 76, 77, 78, 79, 80, 83, 94], "summary": {"covered_lines": 19, "num_statements": 52, "percent_covered": 36.53846153846154, "percent_covered_display": "37", "missing_lines": 33, "excluded_lines": 0}, "missing_lines": [48, 49, 50, 51, 52, 53, 56, 57, 58, 59, 61, 65, 66, 67, 68, 69, 71, 72, 73, 84, 85, 86, 87, 88, 89, 90, 91, 95, 96, 97, 98, 99, 100], "excluded_lines": []}, "tests/test_driver.py": {"executed_lines": [27], "summary": {"covered_lines": 1, "num_statements": 61, "percent_covered": 1.639344262295082, "percent_covered_display": "2", "missing_lines": 60, "excluded_lines": 0}, "missing_lines": [28, 31, 32, 33, 34, 35, 36, 37, 39, 40, 41, 42, 43, 44, 45, 46, 47, 48, 49, 50, 51, 52, 53, 54, 55, 56, 58, 59, 60, 61, 62, 63, 64, 65, 66, 67, 68, 69, 70, 71, 72, 73, 74, 76, 77, 78, 79, 80, 81, 82, 83, 84, 85, 86, 87, 88, 89, 90, 91, 92], "excluded_lines": []}, "tests/test_fin_builder.py": {"executed_lines": [27, 28, 29, 31, 32, 34, 36], "summary": {"covered_lines": 7, "num_statements": 45, "percent_covered": 15.555555555555555, "percent_covered_display": "16", "missing_lines": 38, "excluded_lines": 0}, "missing_lines": [37, 38, 41, 42, 43, 45, 46, 47, 49, 52, 53, 54, 56, 60, 61, 64, 65, 67, 68, 69, 70, 72, 74, 75, 77, 78, 79, 80, 81, 82, 83, 85, 87, 89, 90, 91, 92, 93], "excluded_lines": []}, "tests/test_fin_class.py": {"executed_lines": [27, 28, 29, 30, 31, 33], "summary": {"covered_lines": 6, "num_statements": 55, "percent_covered": 10.909090909090908, "percent_covered_display": "11", "missing_lines": 49, "excluded_lines": 0}, "missing_lines": [34, 35, 36, 37, 39, 40, 41, 44, 45, 46, 47, 48, 68, 69, 70, 71, 72, 73, 74, 75, 76, 77, 78, 79, 80, 81, 82, 83, 84, 85, 86, 88, 89, 90, 91, 92, 93, 94, 95, 96, 98, 99, 100, 101, 102, 103, 104, 105, 106], "excluded_lines": []}, "tests/test_fin_evaluator.py": {"executed_lines": [27, 28, 29, 31, 32, 34, 36], "summary": {"covered_lines": 7, "num_statements": 47, "percent_covered": 14.893617021276595, "percent_covered_display": "15", "missing_lines": 40, "excluded_lines": 0}, "missing_lines": [37, 38, 39, 42, 43, 45, 46, 47, 49, 69, 70, 71, 73, 74, 75, 76, 77, 80, 81, 85, 86, 87, 88, 89, 90, 94, 95, 96, 97, 98, 99, 100, 101, 102, 104, 105, 106, 109, 110, 111], "excluded_lines": []}, "tests/test_fin_utils.py": {"executed_lines": [27, 28], "summary": {"covered_lines": 2, "num_statements": 136, "percent_covered": 1.4705882352941178, "percent_covered_display": "1", "missing_lines": 134, "excluded_lines": 0}, "missing_lines": [29, 30, 31, 32, 35, 37, 38, 39, 40, 41, 42, 43, 44, 45, 48, 49, 50, 51, 52, 53, 54, 55, 56, 57, 58, 59, 60, 61, 62, 63, 64, 65, 66, 67, 68, 69, 70, 71, 72, 73, 74, 75, 76, 77, 78, 79, 80, 81, 82, 83, 84, 85, 86, 87, 88, 89, 90, 91, 92, 93, 95, 96, 104, 105, 114, 115, 149, 150, 151, 152, 153, 154, 155, 156, 191, 192, 193, 194, 195, 196, 197, 198, 199, 200, 201, 202, 203, 204, 205, 206, 207, 208, 209, 210, 211, 212, 213, 214, 215, 216, 217, 218, 219, 220, 221, 222, 223, 224, 225, 226, 227, 228, 229, 230, 231, 232, 233, 234, 235, 236, 238, 239, 247, 248, 257, 258, 292, 293, 294, 295, 296, 297, 298, 299], "excluded_lines": []}, "tests/test_find.py": {"executed_lines": [27, 28, 30, 31, 33, 35, 36, 37], "summary": {"covered_lines": 8, "num_statements": 36, "percent_covered": 22.22222222222222, "percent_covered_display": "22", "missing_lines": 28, "excluded_lines": 0}, "missing_lines": [38, 41, 42, 44, 45, 49, 50, 51, 52, 53, 55, 57, 58, 61, 62, 67, 74, 75, 76, 78, 79, 80, 83, 84, 85, 87, 89, 90], "excluded_lines": []}, "tests/test_importconfigs.py": {"executed_lines": [27, 28, 30, 31, 33, 35], "summary": {"covered_lines": 6, "num_statements": 80, "percent_covered": 7.5, "percent_covered_display": "8", "missing_lines": 74, "excluded_lines": 0}, "missing_lines": [36, 37, 38, 41, 42, 43, 46, 47, 48, 49, 50, 51, 52, 53, 55, 56, 57, 58, 59, 61, 62, 64, 65, 66, 67, 68, 69, 70, 71, 72, 73, 74, 76, 77, 78, 79, 81, 82, 83, 84, 87, 88, 89, 90, 91, 92, 93, 94, 96, 97, 98, 99, 100, 102, 103, 105, 106, 107, 108, 109, 110, 111, 112, 113, 114, 115, 117, 118, 119, 120, 122, 123, 124, 125], "excluded_lines": []}, "tests/test_machine.py": {"executed_lines": [27, 29, 30, 32], "summary": {"covered_lines": 4, "num_statements": 27, "percent_covered": 14.814814814814815, "percent_covered_display": "15", "missing_lines": 23, "excluded_lines": 0}, "missing_lines": [33, 36, 37, 38, 39, 42, 43, 44, 45, 46, 50, 51, 52, 53, 54, 55, 56, 58, 59, 61, 79, 81, 82], "excluded_lines": []}, "tests/test_merge_db.py": {"executed_lines": [27, 28, 30], "summary": {"covered_lines": 3, "num_statements": 58, "percent_covered": 5.172413793103448, "percent_covered_display": "5", "missing_lines": 55, "excluded_lines": 0}, "missing_lines": [32, 33, 34, 37, 38, 39, 40, 41, 42, 43, 44, 46, 49, 50, 52, 55, 56, 58, 59, 60, 62, 63, 64, 65, 66, 68, 69, 71, 72, 73, 74, 76, 77, 79, 80, 82, 83, 84, 86, 87, 88, 89, 90, 92, 93, 95, 96, 97, 98, 100, 101, 102, 103, 105, 106], "excluded_lines": []}, "tests/test_mmi.py": {"executed_lines": [27, 29, 30], "summary": {"covered_lines": 3, "num_statements": 10, "percent_covered": 30.0, "percent_covered_display": "30", "missing_lines": 7, "excluded_lines": 0}, "missing_lines": [33, 34, 39, 40, 41, 42, 45], "excluded_lines": []}, "tests/test_worker.py": {"executed_lines": [27, 28, 30, 31, 33, 34, 36, 38], "summary": {"covered_lines": 8, "num_statements": 85, "percent_covered": 9.411764705882353, "percent_covered_display": "9", "missing_lines": 77, "excluded_lines": 0}, "missing_lines": [39, 40, 41, 44, 45, 47, 48, 52, 53, 54, 55, 56, 58, 60, 61, 64, 65, 66, 68, 69, 70, 71, 72, 73, 74, 79, 80, 81, 82, 83, 84, 85, 86, 87, 90, 92, 94, 95, 96, 99, 100, 101, 102, 103, 106, 107, 109, 110, 113, 114, 115, 116, 117, 120, 121, 123, 124, 125, 126, 129, 130, 131, 134, 136, 137, 138, 139, 141, 142, 143, 144, 146, 165, 167, 168, 169, 170], "excluded_lines": []}, "tuna/__init__.py": {"executed_lines": [1], "summary": {"covered_lines": 0, "num_statements": 0, "percent_covered": 100.0, "percent_covered_display": "100", "missing_lines": 0, "excluded_lines": 0}, "missing_lines": [], "excluded_lines": []}, "tuna/abort.py": {"executed_lines": [27, 29, 32], "summary": {"covered_lines": 3, "num_statements": 14, "percent_covered": 21.428571428571427, "percent_covered_display": "21", "missing_lines": 11, "excluded_lines": 0}, "missing_lines": [34, 36, 37, 38, 40, 41, 42, 43, 44, 45, 47], "excluded_lines": []}, "tuna/builder.py": {"executed_lines": [27, 29, 30, 31, 32, 34, 35], "summary": {"covered_lines": 7, "num_statements": 88, "percent_covered": 7.954545454545454, "percent_covered_display": "8", "missing_lines": 81, "excluded_lines": 0}, "missing_lines": [36, 37, 40, 46, 48, 49, 51, 53, 55, 57, 58, 60, 62, 63, 64, 66, 68, 69, 70, 71, 72, 74, 76, 79, 83, 85, 86, 88, 90, 92, 93, 94, 96, 97, 99, 101, 102, 103, 104, 111, 114, 115, 116, 117, 118, 121, 122, 124, 126, 128, 129, 131, 132, 133, 135, 138, 139, 140, 141, 142, 145, 146, 148, 150, 152, 153, 154, 157, 159, 160, 162, 163, 164, 166, 167, 168, 170, 171, 175, 177, 178], "excluded_lines": []}, "tuna/config_type.py": {"executed_lines": [27, 28, 32, 33, 34, 35, 37], "summary": {"covered_lines": 6, "num_statements": 7, "percent_covered": 85.71428571428571, "percent_covered_display": "86", "missing_lines": 1, "excluded_lines": 0}, "missing_lines": [38], "excluded_lines": []}, "tuna/connection.py": {"executed_lines": [27, 28, 29, 30, 31, 32, 33, 35, 36, 38, 39, 40, 43, 44, 48, 71, 90, 91, 109, 124, 135, 179, 218, 223, 263], "summary": {"covered_lines": 24, "num_statements": 166, "percent_covered": 14.457831325301205, "percent_covered_display": "14", "missing_lines": 142, "excluded_lines": 0}, "missing_lines": [50, 51, 52, 53, 55, 59, 60, 63, 65, 66, 68, 69, 73, 74, 76, 77, 78, 79, 81, 82, 83, 84, 85, 87, 88, 93, 94, 95, 96, 97, 98, 99, 100, 101, 102, 103, 104, 105, 107, 111, 112, 113, 114, 115, 116, 117, 118, 119, 120, 122, 126, 127, 128, 129, 131, 132, 133, 138, 139, 142, 144, 150, 151, 153, 154, 155, 157, 158, 159, 160, 162, 163, 164, 165, 166, 168, 169, 171, 172, 174, 176, 177, 181, 183, 184, 186, 187, 188, 189, 190, 192, 193, 194, 195, 196, 197, 198, 199, 200, 201, 202, 203, 204, 205, 206, 207, 208, 210, 211, 212, 213, 214, 216, 220, 221, 225, 226, 228, 229, 231, 232, 233, 234, 235, 236, 238, 239, 245, 246, 247, 249, 250, 251, 254, 256, 258, 260, 261, 265, 266, 267, 268], "excluded_lines": []}, "tuna/dbBase/__init__.py": {"executed_lines": [1], "summary": {"covered_lines": 0, "num_statements": 0, "percent_covered": 100.0, "percent_covered_display": "100", "missing_lines": 0, "excluded_lines": 0}, "missing_lines": [], "excluded_lines": []}, "tuna/dbBase/base_class.py": {"executed_lines": [27, 28, 29, 30, 31, 34, 35, 36, 37, 39, 40, 41, 45, 47, 69, 74], "summary": {"covered_lines": 15, "num_statements": 31, "percent_covered": 48.38709677419355, "percent_covered_display": "48", "missing_lines": 16, "excluded_lines": 0}, "missing_lines": [49, 50, 51, 52, 55, 56, 58, 59, 60, 62, 63, 64, 65, 66, 67, 70], "excluded_lines": []}, "tuna/dbBase/sql_alchemy.py": {"executed_lines": [27, 28, 31, 32, 34, 43, 53, 56, 60, 61, 63, 68, 73], "summary": {"covered_lines": 11, "num_statements": 25, "percent_covered": 44.0, "percent_covered_display": "44", "missing_lines": 14, "excluded_lines": 0}, "missing_lines": [41, 47, 48, 50, 51, 54, 57, 64, 65, 66, 69, 70, 71, 74], "excluded_lines": []}, "tuna/db_engine.py": {"executed_lines": [27, 28, 29, 30, 31, 33, 34, 38], "summary": {"covered_lines": 8, "num_statements": 8, "percent_covered": 100.0, "percent_covered_display": "100", "missing_lines": 0, "excluded_lines": 0}, "missing_lines": [], "excluded_lines": []}, "tuna/driver_base.py": {"executed_lines": [27, 28, 29, 30, 31, 32], "summary": {"covered_lines": 6, "num_statements": 131, "percent_covered": 4.580152671755725, "percent_covered_display": "5", "missing_lines": 125, "excluded_lines": 0}, "missing_lines": [33, 35, 40, 43, 44, 45, 47, 48, 50, 52, 55, 56, 57, 58, 59, 61, 62, 64, 66, 68, 69, 72, 73, 74, 75, 76, 77, 78, 79, 80, 81, 82, 83, 84, 85, 86, 87, 89, 90, 92, 94, 97, 98, 99, 100, 101, 102, 103, 104, 105, 106, 107, 109, 111, 114, 116, 118, 120, 121, 122, 123, 125, 126, 127, 128, 129, 130, 131, 132, 133, 134, 135, 136, 138, 140, 143, 145, 147, 149, 150, 151, 153, 154, 155, 156, 157, 158, 159, 160, 161, 162, 163, 164, 165, 166, 168, 170, 172, 173, 174, 175, 177, 178, 180, 181, 183, 185, 188, 190, 191, 192, 193, 194, 195, 196, 197, 199, 203, 205, 207, 208, 209, 210, 212, 213], "excluded_lines": []}, "tuna/driver_conv.py": {"executed_lines": [27, 28], "summary": {"covered_lines": 2, "num_statements": 99, "percent_covered": 2.0202020202020203, "percent_covered_display": "2", "missing_lines": 97, "excluded_lines": 0}, "missing_lines": [29, 30, 31, 32, 33, 34, 35, 39, 42, 44, 45, 46, 47, 48, 49, 50, 51, 52, 53, 54, 55, 56, 57, 58, 59, 60, 61, 62, 63, 64, 65, 66, 67, 68, 69, 70, 71, 72, 73, 74, 76, 78, 79, 81, 82, 84, 86, 87, 89, 90, 93, 95, 97, 98, 99, 100, 102, 103, 105, 106, 108, 111, 113, 115, 116, 118, 120, 122, 123, 124, 125, 127, 128, 130, 132, 134, 135, 137, 139, 141, 142, 143, 145, 146, 148, 150, 151, 153, 155, 157, 159, 160, 166, 167, 169, 170, 171], "excluded_lines": []}, "tuna/fin_eval.py": {"executed_lines": [27, 29, 30, 32, 34], "summary": {"covered_lines": 5, "num_statements": 168, "percent_covered": 2.9761904761904763, "percent_covered_display": "3", "missing_lines": 163, "excluded_lines": 0}, "missing_lines": [35, 36, 38, 41, 45, 47, 48, 49, 50, 51, 52, 54, 56, 57, 58, 59, 62, 63, 64, 65, 67, 69, 70, 71, 73, 79, 80, 81, 82, 87, 89, 91, 93, 94, 96, 97, 98, 100, 108, 109, 110, 111, 113, 115, 116, 117, 118, 119, 120, 121, 122, 123, 124, 128, 131, 133, 134, 135, 136, 142, 143, 144, 151, 152, 154, 155, 156, 157, 159, 162, 163, 166, 167, 168, 169, 170, 171, 172, 174, 176, 179, 181, 182, 183, 184, 185, 186, 188, 189, 194, 195, 196, 197, 199, 200, 202, 206, 207, 208, 209, 210, 211, 213, 215, 217, 218, 219, 220, 221, 222, 223, 224, 225, 226, 227, 229, 232, 233, 234, 236, 238, 240, 241, 242, 244, 245, 246, 247, 248, 251, 254, 255, 256, 257, 258, 259, 260, 261, 262, 263, 264, 265, 267, 268, 269, 270, 272, 273, 275, 276, 277, 282, 283, 286, 287, 288, 289, 290, 292, 294, 296, 297, 299], "excluded_lines": []}, "tuna/fin_utils.py": {"executed_lines": [27, 30, 31, 32, 33, 34, 36, 39, 57, 96], "summary": {"covered_lines": 10, "num_statements": 58, "percent_covered": 17.24137931034483, "percent_covered_display": "17", "missing_lines": 48, "excluded_lines": 0}, "missing_lines": [42, 51, 52, 54, 59, 60, 61, 62, 63, 65, 66, 67, 68, 69, 70, 71, 72, 74, 75, 76, 77, 79, 80, 81, 82, 83, 85, 86, 87, 88, 91, 93, 98, 99, 100, 101, 102, 103, 104, 105, 106, 107, 109, 110, 111, 112, 113, 115], "excluded_lines": []}, "tuna/find_db.py": {"executed_lines": [27, 28, 29, 30, 31, 33, 35, 38, 39, 42, 43, 45, 46, 48, 50, 51, 53, 55, 56, 57, 58, 59, 61, 86, 134, 135, 136, 137, 145, 146, 150, 151, 156, 157, 158, 159, 166, 167, 171, 172], "summary": {"covered_lines": 37, "num_statements": 84, "percent_covered": 44.04761904761905, "percent_covered_display": "44", "missing_lines": 47, "excluded_lines": 0}, "missing_lines": [67, 73, 74, 76, 77, 78, 81, 82, 84, 88, 89, 90, 91, 93, 94, 95, 96, 99, 100, 101, 102, 103, 104, 105, 106, 107, 108, 109, 111, 113, 114, 115, 116, 117, 118, 119, 120, 122, 124, 126, 128, 129, 131, 152, 153, 173, 174], "excluded_lines": []}, "tuna/helper.py": {"executed_lines": [27, 29, 30, 31, 32, 34, 35, 36], "summary": {"covered_lines": 8, "num_statements": 245, "percent_covered": 3.2653061224489797, "percent_covered_display": "3", "missing_lines": 237, "excluded_lines": 0}, "missing_lines": [37, 38, 39, 40, 41, 42, 43, 44, 46, 51, 53, 54, 55, 57, 58, 59, 60, 61, 62, 63, 65, 66, 68, 71, 73, 74, 75, 79, 81, 82, 83, 85, 86, 87, 88, 89, 92, 94, 95, 96, 98, 101, 103, 104, 106, 107, 108, 109, 111, 114, 116, 117, 119, 120, 121, 122, 124, 127, 129, 130, 131, 132, 133, 134, 136, 137, 138, 139, 140, 141, 143, 144, 145, 146, 147, 148, 150, 151, 152, 153, 154, 156, 158, 161, 163, 164, 165, 166, 167, 168, 170, 171, 172, 174, 176, 177, 179, 182, 184, 185, 186, 188, 192, 194, 195, 196, 198, 199, 201, 205, 207, 208, 209, 211, 213, 217, 219, 220, 221, 223, 225, 226, 228, 232, 235, 237, 238, 239, 240, 241, 242, 243, 244, 245, 246, 248, 252, 255, 256, 257, 258, 259, 260, 261, 262, 263, 264, 266, 267, 269, 273, 276, 278, 282, 285, 287, 291, 294, 295, 297, 298, 299, 300, 301, 302, 303, 304, 305, 306, 307, 308, 309, 310, 311, 312, 314, 318, 321, 323, 324, 326, 327, 328, 329, 330, 331, 332, 333, 334, 335, 336, 337, 338, 339, 341, 345, 347, 348, 350, 352, 353, 355, 358, 360, 361, 362, 363, 364, 365, 366, 367, 368, 369, 370, 371, 372, 375, 377, 378, 379, 380, 381, 382, 383, 384, 385, 386, 388, 389, 390, 391, 392, 393, 394, 395, 396, 399], "excluded_lines": []}, "tuna/import_configs.py": {"executed_lines": [27, 28, 29, 31, 32], "summary": {"covered_lines": 5, "num_statements": 115, "percent_covered": 4.3478260869565215, "percent_covered_display": "4", "missing_lines": 110, "excluded_lines": 0}, "missing_lines": [33, 34, 35, 36, 37, 38, 40, 43, 45, 48, 56, 61, 66, 71, 79, 89, 90, 91, 93, 94, 97, 99, 100, 101, 102, 103, 105, 106, 109, 113, 114, 115, 117, 119, 120, 121, 122, 123, 124, 125, 127, 128, 129, 131, 132, 136, 137, 140, 142, 145, 149, 151, 152, 153, 154, 155, 156, 157, 158, 160, 161, 162, 165, 166, 167, 168, 169, 170, 171, 173, 176, 180, 181, 182, 184, 185, 188, 190, 191, 193, 195, 196, 198, 199, 200, 201, 203, 206, 208, 210, 211, 212, 213, 214, 215, 216, 217, 218, 219, 221, 224, 226, 227, 229, 231, 233, 234, 235, 238, 239], "excluded_lines": []}, "tuna/machine.py": {"executed_lines": [27, 29, 30, 31, 32, 33, 34, 35, 36, 38], "summary": {"covered_lines": 10, "num_statements": 323, "percent_covered": 3.0959752321981426, "percent_covered_display": "3", "missing_lines": 313, "excluded_lines": 0}, "missing_lines": [39, 40, 41, 42, 43, 44, 46, 47, 48, 51, 53, 54, 55, 56, 57, 58, 59, 60, 61, 62, 63, 64, 65, 66, 67, 68, 69, 70, 71, 73, 74, 76, 81, 83, 86, 87, 88, 89, 90, 91, 92, 93, 94, 96, 97, 98, 99, 101, 102, 103, 104, 105, 106, 107, 108, 111, 112, 113, 114, 115, 119, 121, 123, 124, 125, 126, 128, 130, 131, 132, 136, 138, 140, 142, 143, 144, 146, 148, 157, 158, 159, 160, 162, 164, 166, 167, 169, 171, 173, 174, 175, 176, 177, 178, 180, 182, 183, 184, 185, 187, 189, 191, 192, 194, 196, 199, 201, 202, 203, 204, 205, 206, 207, 208, 209, 211, 212, 213, 214, 215, 216, 217, 218, 219, 221, 222, 223, 224, 225, 226, 227, 228, 230, 231, 232, 233, 234, 235, 236, 238, 240, 241, 242, 244, 245, 246, 248, 250, 252, 254, 256, 257, 259, 260, 261, 262, 264, 265, 266, 267, 268, 269, 270, 275, 276, 277, 278, 279, 280, 281, 282, 284, 286, 290, 291, 292, 294, 295, 296, 297, 298, 300, 301, 302, 303, 304, 305, 307, 311, 312, 313, 315, 316, 317, 318, 319, 320, 321, 322, 324, 328, 330, 336, 337, 338, 339, 340, 341, 342, 343, 344, 345, 346, 348, 350, 353, 354, 356, 357, 358, 359, 360, 361, 362, 363, 364, 365, 366, 367, 368, 369, 370, 371, 372, 373, 375, 376, 378, 380, 382, 384, 385, 386, 387, 388, 389, 391, 393, 395, 396, 397, 398, 400, 401, 402, 403, 404, 405, 406, 407, 408, 409, 411, 413, 414, 416, 417, 418, 419, 420, 423, 424, 425, 426, 427, 428, 429, 430, 431, 432, 433, 434, 436, 437, 438, 439, 440, 441, 443, 444, 446, 448, 449, 450, 451, 452, 453, 454, 456, 457, 459, 460, 461, 462, 463, 464, 465, 467, 469, 470, 472, 473, 474], "excluded_lines": []}, "tuna/machine_management_interface.py": {"executed_lines": [27, 29, 30, 31, 32, 33, 34, 35, 36, 37, 38, 39, 41, 43], "summary": {"covered_lines": 14, "num_statements": 140, "percent_covered": 10.0, "percent_covered_display": "10", "missing_lines": 126, "excluded_lines": 0}, "missing_lines": [45, 46, 47, 48, 49, 52, 54, 55, 56, 63, 64, 65, 66, 67, 68, 71, 74, 75, 76, 77, 78, 79, 80, 83, 89, 90, 91, 92, 93, 96, 98, 100, 101, 102, 104, 106, 107, 108, 109, 110, 111, 112, 113, 116, 118, 119, 122, 128, 129, 131, 137, 138, 139, 140, 141, 142, 144, 146, 147, 148, 149, 150, 151, 152, 153, 156, 157, 160, 162, 163, 164, 165, 166, 169, 172, 174, 176, 178, 179, 183, 185, 186, 187, 188, 189, 191, 193, 197, 198, 203, 204, 205, 206, 207, 208, 209, 210, 211, 214, 217, 218, 219, 220, 221, 222, 223, 225, 226, 227, 228, 229, 231, 233, 234, 235, 237, 238, 239, 241, 243, 244, 245, 247, 248, 251, 252], "excluded_lines": []}, "tuna/metadata.py": {"executed_lines": [27, 30, 32, 33, 35, 39, 40, 41, 42, 44, 45, 46, 47, 49, 50, 52, 55, 56, 58, 118, 151, 166, 182, 197, 213, 224, 225, 227, 234, 238, 240, 244, 278, 279, 281, 282, 284, 285, 286, 288, 293, 301, 303, 362, 364, 365, 366, 367, 368, 370, 441, 460, 467, 473, 479, 484, 492, 527, 562, 592, 594, 599, 611, 619, 626, 628], "summary": {"covered_lines": 66, "num_statements": 81, "percent_covered": 81.48148148148148, "percent_covered_display": "81", "missing_lines": 15, "excluded_lines": 0}, "missing_lines": [43, 48, 51, 53, 444, 445, 446, 447, 448, 450, 451, 452, 454, 455, 456], "excluded_lines": []}, "tuna/miopen_tables.py": {"executed_lines": [27, 28, 29, 30, 31, 32, 33, 34, 35, 37, 38], "summary": {"covered_lines": 11, "num_statements": 321, "percent_covered": 3.426791277258567, "percent_covered_display": "3", "missing_lines": 310, "excluded_lines": 0}, "missing_lines": [39, 40, 41, 42, 44, 48, 51, 52, 55, 58, 59, 60, 61, 62, 65, 67, 68, 70, 73, 75, 77, 80, 87, 89, 90, 92, 95, 97, 99, 104, 111, 113, 114, 116, 119, 121, 123, 128, 135, 137, 139, 142, 146, 148, 150, 151, 154, 156, 157, 159, 160, 161, 164, 167, 169, 170, 180, 181, 182, 183, 184, 185, 186, 187, 190, 192, 194, 195, 196, 197, 198, 199, 200, 201, 202, 203, 204, 205, 206, 207, 208, 209, 210, 211, 212, 213, 214, 218, 222, 223, 226, 228, 229, 235, 236, 240, 241, 242, 245, 247, 248, 259, 260, 261, 262, 263, 264, 265, 266, 267, 268, 269, 273, 275, 277, 280, 283, 284, 287, 289, 290, 292, 295, 297, 298, 300, 303, 305, 306, 308, 311, 313, 314, 315, 316, 317, 318, 319, 320, 321, 322, 323, 324, 325, 326, 327, 328, 329, 330, 331, 332, 333, 334, 337, 339, 340, 341, 342, 343, 344, 345, 346, 347, 350, 353, 354, 356, 358, 359, 362, 363, 364, 365, 366, 367, 368, 369, 370, 371, 372, 373, 374, 379, 381, 382, 387, 390, 392, 393, 396, 399, 401, 402, 405, 408, 411, 412, 414, 416, 417, 419, 421, 424, 426, 427, 429, 432, 434, 435, 437, 440, 442, 443, 445, 448, 450, 451, 452, 453, 454, 457, 459, 460, 466, 469, 471, 472, 478, 481, 484, 485, 487, 489, 490, 492, 494, 497, 499, 500, 505, 510, 512, 513, 518, 523, 526, 527, 529, 531, 532, 534, 540, 541, 542, 543, 544, 547, 549, 550, 559, 560, 561, 564, 566, 567, 576, 577, 578, 581, 583, 584, 585, 586, 587, 588, 589, 590, 591, 592, 593, 594, 597, 599, 600, 601, 602, 603, 606, 608, 609, 610, 611, 612, 613, 614, 615, 616, 617, 618, 619, 622, 624, 625, 626, 627, 628, 630, 631, 632, 634], "excluded_lines": []}, "tuna/parse_args.py": {"executed_lines": [27, 28, 29, 30, 31], "summary": {"covered_lines": 5, "num_statements": 22, "percent_covered": 22.727272727272727, "percent_covered_display": "23", "missing_lines": 17, "excluded_lines": 0}, "missing_lines": [34, 36, 37, 38, 39, 40, 43, 45, 46, 47, 56, 57, 65, 66, 75, 76, 83], "excluded_lines": []}, "tuna/parsing.py": {"executed_lines": [27, 29, 31, 32, 33, 34, 35], "summary": {"covered_lines": 7, "num_statements": 270, "percent_covered": 2.5925925925925926, "percent_covered_display": "3", "missing_lines": 263, "excluded_lines": 0}, "missing_lines": [36, 37, 39, 42, 44, 45, 46, 48, 49, 50, 51, 52, 53, 54, 55, 56, 57, 59, 60, 61, 63, 64, 66, 67, 69, 70, 71, 72, 73, 75, 78, 80, 83, 84, 86, 87, 88, 91, 92, 93, 95, 96, 98, 99, 100, 101, 102, 105, 106, 107, 108, 110, 111, 112, 113, 114, 119, 125, 128, 130, 131, 132, 133, 134, 135, 136, 139, 140, 141, 142, 144, 145, 146, 147, 148, 151, 153, 159, 162, 166, 167, 168, 169, 170, 171, 172, 173, 176, 177, 178, 179, 180, 182, 183, 184, 185, 186, 189, 191, 197, 200, 202, 203, 204, 205, 206, 207, 209, 210, 211, 214, 217, 218, 219, 221, 222, 223, 224, 225, 230, 231, 232, 235, 237, 238, 239, 240, 241, 242, 245, 247, 248, 249, 250, 251, 252, 253, 254, 255, 256, 258, 259, 260, 261, 262, 264, 267, 269, 270, 271, 272, 273, 274, 275, 276, 277, 278, 280, 281, 282, 283, 284, 286, 289, 291, 292, 293, 294, 295, 296, 297, 298, 299, 301, 302, 303, 304, 305, 306, 308, 309, 310, 311, 312, 313, 315, 318, 319, 321, 324, 326, 327, 328, 329, 330, 331, 333, 334, 335, 337, 340, 342, 343, 344, 345, 346, 347, 348, 350, 352, 355, 357, 358, 359, 361, 362, 364, 365, 368, 370, 371, 372, 376, 378, 380, 383, 385, 386, 387, 388, 389, 391, 392, 393, 394, 396, 397, 398, 400, 401, 404, 407, 409, 410, 411, 412, 413, 414, 415, 416, 417, 419, 421, 422, 423, 424, 425, 426, 427, 428, 430, 433, 435], "excluded_lines": []}, "tuna/sql.py": {"executed_lines": [27, 28, 31, 32, 34, 60, 75, 81, 84, 88, 89, 91, 96, 102], "summary": {"covered_lines": 12, "num_statements": 47, "percent_covered": 25.53191489361702, "percent_covered_display": "26", "missing_lines": 35, "excluded_lines": 0}, "missing_lines": [41, 42, 43, 45, 46, 47, 49, 50, 51, 53, 54, 55, 57, 58, 63, 64, 66, 70, 71, 72, 73, 77, 78, 79, 82, 85, 92, 93, 94, 97, 98, 99, 100, 103, 104], "excluded_lines": []}, "tuna/utils/__init__.py": {"executed_lines": [1], "summary": {"covered_lines": 0, "num_statements": 0, "percent_covered": 100.0, "percent_covered_display": "100", "missing_lines": 0, "excluded_lines": 0}, "missing_lines": [], "excluded_lines": []}, "tuna/utils/db_utility.py": {"executed_lines": [27, 29, 30, 31], "summary": {"covered_lines": 4, "num_statements": 19, "percent_covered": 21.05263157894737, "percent_covered_display": "21", "missing_lines": 15, "excluded_lines": 0}, "missing_lines": [34, 36, 37, 38, 39, 40, 41, 42, 43, 44, 46, 49, 50, 51, 52], "excluded_lines": []}, "tuna/utils/logger.py": {"executed_lines": [27, 28, 29, 32, 34, 35, 36, 37, 38, 41, 42, 43, 44], "summary": {"covered_lines": 13, "num_statements": 13, "percent_covered": 100.0, "percent_covered_display": "100", "missing_lines": 0, "excluded_lines": 0}, "missing_lines": [], "excluded_lines": []}, "tuna/utils/merge_db.py": {"executed_lines": [27, 28, 29, 30, 31, 33], "summary": {"covered_lines": 6, "num_statements": 301, "percent_covered": 1.9933554817275747, "percent_covered_display": "2", "missing_lines": 295, "excluded_lines": 0}, "missing_lines": [34, 35, 36, 37, 38, 40, 42, 44, 45, 47, 50, 53, 54, 55, 56, 57, 58, 59, 60, 61, 62, 65, 67, 69, 79, 88, 89, 95, 101, 108, 114, 122, 131, 133, 134, 136, 139, 141, 142, 143, 144, 145, 146, 147, 148, 149, 151, 152, 153, 154, 156, 158, 159, 160, 161, 162, 163, 165, 168, 170, 171, 172, 174, 175, 176, 177, 178, 179, 181, 184, 186, 187, 188, 189, 190, 191, 192, 193, 194, 195, 196, 198, 201, 202, 203, 204, 205, 206, 207, 208, 210, 213, 215, 216, 217, 218, 219, 221, 222, 224, 230, 232, 233, 236, 239, 241, 242, 243, 245, 248, 250, 252, 253, 254, 255, 256, 257, 259, 262, 264, 265, 266, 268, 269, 270, 271, 272, 273, 274, 275, 276, 277, 279, 280, 281, 282, 283, 286, 288, 289, 290, 293, 294, 295, 296, 298, 299, 300, 301, 302, 303, 304, 307, 310, 311, 312, 313, 314, 316, 317, 318, 319, 320, 322, 323, 324, 327, 329, 330, 332, 334, 336, 337, 339, 340, 341, 343, 345, 347, 350, 352, 353, 355, 356, 357, 358, 359, 360, 361, 363, 364, 365, 366, 367, 368, 369, 370, 371, 372, 373, 374, 375, 376, 378, 380, 382, 383, 384, 386, 388, 389, 390, 391, 392, 393, 394, 395, 398, 400, 401, 402, 403, 405, 406, 407, 409, 410, 411, 412, 413, 414, 417, 418, 419, 422, 424, 425, 426, 427, 429, 430, 431, 432, 433, 434, 436, 438, 440, 442, 443, 444, 446, 447, 449, 450, 451, 453, 455, 457, 460, 462, 463, 465, 466, 468, 470, 473, 475, 476, 477, 478, 479, 480, 481, 482, 483, 484, 485, 486, 488, 489, 490, 491, 492, 493, 494, 496, 498, 499, 502, 504, 505, 506, 509, 510], "excluded_lines": []}, "tuna/utils/utility.py": {"executed_lines": [27, 29, 30, 31, 33, 35, 38, 50, 68, 94, 96, 97, 100, 101, 104, 105, 108, 109, 112, 113, 116, 118, 121, 123, 126, 139, 140, 141, 142, 143], "summary": {"covered_lines": 29, "num_statements": 78, "percent_covered": 37.17948717948718, "percent_covered_display": "37", "missing_lines": 49, "excluded_lines": 0}, "missing_lines": [40, 41, 42, 43, 44, 46, 47, 52, 53, 54, 56, 58, 59, 60, 61, 62, 63, 65, 70, 71, 72, 73, 74, 76, 77, 78, 80, 81, 83, 84, 85, 86, 87, 89, 90, 91, 98, 102, 106, 110, 114, 124, 127, 128, 130, 131, 132, 134, 136], "excluded_lines": []}, "tuna/worker_interface.py": {"executed_lines": [27, 28, 29, 30, 33, 34, 35, 36, 37, 38, 39, 40, 41, 42, 44, 45], "summary": {"covered_lines": 16, "num_statements": 557, "percent_covered": 2.872531418312388, "percent_covered_display": "3", "missing_lines": 541, "excluded_lines": 0}, "missing_lines": [31, 32, 46, 47, 48, 49, 50, 51, 52, 53, 54, 55, 57, 58, 60, 61, 62, 63, 64, 65, 67, 68, 69, 70, 71, 72, 74, 77, 85, 87, 89, 95, 98, 99, 100, 101, 102, 103, 104, 105, 106, 107, 108, 109, 110, 111, 112, 113, 114, 115, 116, 117, 118, 119, 120, 121, 122, 124, 127, 130, 132, 135, 137, 138, 139, 140, 141, 142, 143, 144, 146, 149, 150, 151, 152, 153, 157, 159, 162, 163, 164, 165, 167, 168, 169, 170, 171, 172, 173, 174, 175, 176, 179, 181, 183, 184, 186, 188, 190, 192, 193, 195, 197, 198, 199, 200, 201, 203, 204, 205, 206, 207, 208, 209, 210, 211, 212, 214, 215, 217, 219, 221, 222, 223, 224, 226, 227, 230, 231, 232, 233, 235, 236, 237, 238, 239, 240, 242, 244, 247, 248, 249, 251, 252, 254, 256, 257, 262, 264, 265, 266, 267, 268, 269, 270, 271, 273, 275, 277, 279, 284, 285, 286, 287, 290, 291, 295, 298, 300, 302, 303, 304, 305, 306, 307, 308, 309, 311, 312, 314, 316, 317, 319, 320, 321, 324, 325, 327, 329, 331, 332, 333, 334, 335, 336, 338, 340, 341, 343, 344, 345, 346, 347, 348, 349, 350, 351, 352, 353, 355, 361, 362, 363, 364, 365, 366, 367, 368, 371, 373, 376, 377, 378, 379, 380, 382, 384, 386, 388, 396, 398, 399, 400, 401, 403, 405, 407, 409, 411, 413, 418, 419, 421, 423, 424, 425, 426, 428, 431, 433, 434, 436, 438, 440, 441, 443, 445, 450, 451, 454, 455, 456, 459, 461, 469, 470, 472, 473, 474, 476, 479, 481, 482, 485, 487, 488, 489, 490, 491, 492, 493, 494, 495, 496, 497, 499, 501, 503, 504, 505, 506, 508, 509, 510, 511, 521, 529, 531, 534, 535, 536, 539, 540, 541, 542, 543, 544, 545, 548, 549, 550, 552, 555, 558, 560, 561, 562, 563, 564, 565, 570, 571, 579, 580, 582, 583, 588, 589, 590, 591, 593, 594, 595, 596, 598, 599, 601, 604, 606, 608, 609, 610, 611, 612, 614, 616, 619, 620, 621, 622, 625, 626, 627, 628, 630, 632, 635, 636, 638, 640, 641, 642, 644, 645, 649, 650, 651, 652, 654, 655, 657, 658, 659, 661, 662, 663, 665, 666, 667, 668, 670, 672, 673, 675, 676, 677, 681, 682, 684, 685, 686, 687, 688, 689, 690, 691, 693, 695, 696, 698, 700, 701, 704, 705, 707, 708, 710, 713, 715, 717, 718, 719, 720, 721, 722, 723, 724, 725, 726, 727, 728, 729, 730, 732, 735, 736, 738, 742, 743, 745, 748, 750, 753, 755, 757, 759, 760, 761, 762, 763, 764, 765, 766, 767, 768, 769, 770, 771, 772, 775, 776, 777, 778, 779, 781, 783, 785, 786, 787, 788, 789, 790, 791, 792, 793, 794, 795, 796, 798, 801, 802, 803, 808, 809, 810, 811, 812, 813, 814, 815, 818, 819, 820, 821, 822, 823, 824, 826, 828, 829, 830, 831, 832, 833, 835, 836, 837, 838, 839, 840, 841, 842, 844, 845, 846, 848, 851, 852, 853, 856, 858, 859, 860, 861, 864, 865, 866, 867, 868, 869, 870, 871, 872, 874, 875, 876, 878, 879, 880, 881, 882, 883, 884, 886, 887, 888, 889, 890, 891, 892, 894], "excluded_lines": []}}, "totals": {"covered_lines": 447, "num_statements": 4300, "percent_covered": 10.395348837209303, "percent_covered_display": "10", "missing_lines": 3853, "excluded_lines": 0}}