{"meta": {"version": "6.4.2", "timestamp": "2022-08-31T10:00:16.855044", "branch_coverage": false, "show_contexts": false}, "files": {"tests/dummy_args.py": {"executed_lines": [27, 30, 31, 35], "summary": {"covered_lines": 3, "num_statements": 4, "percent_covered": 75.0, "percent_covered_display": "75", "missing_lines": 1, "excluded_lines": 0}, "missing_lines": [37], "excluded_lines": []}, "tests/dummy_machine.py": {"executed_lines": [28, 29], "summary": {"covered_lines": 2, "num_statements": 27, "percent_covered": 7.407407407407407, "percent_covered_display": "7", "missing_lines": 25, "excluded_lines": 0}, "missing_lines": [30, 33, 35, 36, 37, 38, 39, 40, 41, 42, 43, 45, 46, 48, 49, 51, 52, 53, 55, 56, 58, 59, 61, 62, 64], "excluded_lines": []}, "tests/test_abort_file.py": {"executed_lines": [27, 28, 30, 32, 33, 35, 37], "summary": {"covered_lines": 7, "num_statements": 71, "percent_covered": 9.859154929577464, "percent_covered_display": "10", "missing_lines": 64, "excluded_lines": 0}, "missing_lines": [38, 39, 40, 43, 44, 46, 47, 51, 52, 53, 54, 55, 56, 58, 60, 61, 64, 65, 66, 67, 68, 69, 70, 72, 73, 74, 75, 76, 78, 91, 92, 93, 95, 113, 114, 116, 117, 118, 119, 120, 121, 122, 123, 126, 127, 128, 130, 133, 134, 135, 136, 137, 138, 139, 142, 143, 144, 147, 148, 149, 150, 151, 152, 153], "excluded_lines": []}, "tests/test_add_session.py": {"executed_lines": [27, 28, 29, 30, 31, 33, 34, 36, 38], "summary": {"covered_lines": 9, "num_statements": 42, "percent_covered": 21.428571428571427, "percent_covered_display": "21", "missing_lines": 33, "excluded_lines": 0}, "missing_lines": [39, 40, 41, 42, 43, 46, 47, 49, 50, 51, 52, 53, 54, 56, 74, 75, 76, 77, 78, 79, 80, 81, 82, 84, 85, 86, 88, 89, 90, 91, 92, 93, 94], "excluded_lines": []}, "tests/test_analyze_parse_db.py": {"executed_lines": [27, 28, 30, 31, 33, 35, 38], "summary": {"covered_lines": 7, "num_statements": 22, "percent_covered": 31.818181818181817, "percent_covered_display": "32", "missing_lines": 15, "excluded_lines": 0}, "missing_lines": [39, 40, 41, 43, 44, 45, 46, 48, 49, 50, 51, 53, 54, 55, 56], "excluded_lines": []}, "tests/test_connection.py": {"executed_lines": [27, 28, 30, 31, 33, 34, 37, 57], "summary": {"covered_lines": 8, "num_statements": 35, "percent_covered": 22.857142857142858, "percent_covered_display": "23", "missing_lines": 27, "excluded_lines": 0}, "missing_lines": [38, 40, 41, 42, 44, 45, 47, 49, 50, 52, 53, 54, 58, 59, 60, 61, 62, 63, 65, 66, 68, 76, 77, 79, 80, 82, 84], "excluded_lines": []}, "tests/test_dbBase.py": {"executed_lines": [27, 29, 30, 31, 33, 34, 35, 36, 38, 39, 41, 46, 64, 76, 77, 78, 79, 80, 83, 94], "summary": {"covered_lines": 19, "num_statements": 52, "percent_covered": 36.53846153846154, "percent_covered_display": "37", "missing_lines": 33, "excluded_lines": 0}, "missing_lines": [48, 49, 50, 51, 52, 53, 56, 57, 58, 59, 61, 65, 66, 67, 68, 69, 71, 72, 73, 84, 85, 86, 87, 88, 89, 90, 91, 95, 96, 97, 98, 99, 100], "excluded_lines": []}, "tests/test_driver.py": {"executed_lines": [27], "summary": {"covered_lines": 1, "num_statements": 61, "percent_covered": 1.639344262295082, "percent_covered_display": "2", "missing_lines": 60, "excluded_lines": 0}, "missing_lines": [28, 31, 32, 33, 34, 35, 36, 37, 39, 40, 41, 42, 43, 44, 45, 46, 47, 48, 49, 50, 51, 52, 53, 54, 55, 56, 58, 59, 60, 61, 62, 63, 64, 65, 66, 67, 68, 69, 70, 71, 72, 73, 74, 76, 77, 78, 79, 80, 81, 82, 83, 84, 85, 86, 87, 88, 89, 90, 91, 92], "excluded_lines": []}, "tests/test_fin_builder.py": {"executed_lines": [27, 28, 29, 31, 32, 34, 36], "summary": {"covered_lines": 7, "num_statements": 45, "percent_covered": 15.555555555555555, "percent_covered_display": "16", "missing_lines": 38, "excluded_lines": 0}, "missing_lines": [37, 38, 41, 42, 43, 45, 46, 47, 49, 52, 53, 54, 56, 60, 61, 64, 65, 67, 68, 69, 70, 72, 74, 75, 77, 78, 79, 80, 81, 82, 83, 85, 87, 89, 90, 91, 92, 93], "excluded_lines": []}, "tests/test_fin_class.py": {"executed_lines": [27, 28, 29, 30, 31, 33], "summary": {"covered_lines": 6, "num_statements": 56, "percent_covered": 10.714285714285714, "percent_covered_display": "11", "missing_lines": 50, "excluded_lines": 0}, "missing_lines": [34, 35, 36, 37, 39, 40, 41, 44, 45, 46, 47, 48, 68, 69, 70, 72, 73, 74, 75, 76, 77, 78, 79, 80, 81, 82, 83, 84, 85, 86, 87, 88, 90, 91, 92, 93, 94, 95, 96, 97, 98, 100, 101, 102, 103, 104, 105, 106, 107, 108], "excluded_lines": []}, "tests/test_fin_evaluator.py": {"executed_lines": [27, 28, 29, 31, 32, 34, 36], "summary": {"covered_lines": 7, "num_statements": 47, "percent_covered": 14.893617021276595, "percent_covered_display": "15", "missing_lines": 40, "excluded_lines": 0}, "missing_lines": [37, 38, 39, 42, 43, 45, 46, 47, 49, 69, 70, 71, 73, 74, 75, 76, 77, 80, 81, 85, 86, 87, 88, 89, 90, 94, 95, 96, 97, 98, 99, 100, 101, 102, 104, 105, 106, 109, 110, 111], "excluded_lines": []}, "tests/test_fin_utils.py": {"executed_lines": [27, 28], "summary": {"covered_lines": 2, "num_statements": 136, "percent_covered": 1.4705882352941178, "percent_covered_display": "1", "missing_lines": 134, "excluded_lines": 0}, "missing_lines": [29, 30, 31, 32, 35, 37, 38, 39, 40, 41, 42, 43, 44, 45, 48, 49, 50, 51, 52, 53, 54, 55, 56, 57, 58, 59, 60, 61, 62, 63, 64, 65, 66, 67, 68, 69, 70, 71, 72, 73, 74, 75, 76, 77, 78, 79, 80, 81, 82, 83, 84, 85, 86, 87, 88, 89, 90, 91, 92, 93, 95, 96, 104, 105, 114, 115, 150, 151, 152, 153, 154, 155, 156, 157, 193, 194, 195, 196, 197, 198, 199, 200, 201, 202, 203, 204, 205, 206, 207, 208, 209, 210, 211, 212, 213, 214, 215, 216, 217, 218, 219, 220, 221, 222, 223, 224, 225, 226, 227, 228, 229, 230, 231, 232, 233, 234, 235, 236, 237, 238, 240, 241, 249, 250, 259, 260, 295, 296, 297, 298, 299, 300, 301, 302], "excluded_lines": []}, "tests/test_find.py": {"executed_lines": [27, 28, 30, 31, 33, 35, 36, 37], "summary": {"covered_lines": 8, "num_statements": 36, "percent_covered": 22.22222222222222, "percent_covered_display": "22", "missing_lines": 28, "excluded_lines": 0}, "missing_lines": [38, 41, 42, 44, 45, 49, 50, 51, 52, 53, 55, 57, 58, 61, 62, 67, 74, 75, 76, 78, 79, 80, 83, 84, 85, 87, 89, 90], "excluded_lines": []}, "tests/test_importconfigs.py": {"executed_lines": [27, 28, 30, 31, 33, 35], "summary": {"covered_lines": 6, "num_statements": 80, "percent_covered": 7.5, "percent_covered_display": "8", "missing_lines": 74, "excluded_lines": 0}, "missing_lines": [36, 37, 38, 41, 42, 43, 46, 47, 48, 49, 50, 51, 52, 53, 55, 56, 57, 58, 59, 61, 62, 64, 65, 66, 67, 68, 69, 70, 71, 72, 73, 74, 76, 77, 78, 79, 81, 82, 83, 84, 87, 88, 89, 90, 91, 92, 93, 94, 96, 97, 98, 99, 100, 102, 103, 105, 106, 107, 108, 109, 110, 111, 112, 113, 114, 115, 117, 118, 119, 120, 122, 123, 124, 125], "excluded_lines": []}, "tests/test_machine.py": {"executed_lines": [27, 29, 30, 32], "summary": {"covered_lines": 4, "num_statements": 27, "percent_covered": 14.814814814814815, "percent_covered_display": "15", "missing_lines": 23, "excluded_lines": 0}, "missing_lines": [33, 36, 37, 38, 39, 42, 43, 44, 45, 46, 50, 51, 52, 53, 54, 55, 56, 58, 59, 61, 79, 81, 82], "excluded_lines": []}, "tests/test_merge_db.py": {"executed_lines": [27, 28, 30], "summary": {"covered_lines": 3, "num_statements": 58, "percent_covered": 5.172413793103448, "percent_covered_display": "5", "missing_lines": 55, "excluded_lines": 0}, "missing_lines": [32, 33, 34, 37, 38, 39, 40, 41, 42, 43, 44, 46, 49, 50, 52, 55, 56, 58, 59, 60, 62, 63, 64, 65, 66, 68, 69, 71, 72, 73, 74, 76, 77, 79, 80, 82, 83, 84, 86, 87, 88, 89, 90, 92, 93, 95, 96, 97, 98, 100, 101, 102, 103, 105, 106], "excluded_lines": []}, "tests/test_mmi.py": {"executed_lines": [27, 29, 30], "summary": {"covered_lines": 3, "num_statements": 10, "percent_covered": 30.0, "percent_covered_display": "30", "missing_lines": 7, "excluded_lines": 0}, "missing_lines": [33, 34, 39, 40, 41, 42, 45], "excluded_lines": []}, "tests/test_populate_golden.py": {"executed_lines": [27, 28, 29], "summary": {"covered_lines": 3, "num_statements": 22, "percent_covered": 13.636363636363637, "percent_covered_display": "14", "missing_lines": 19, "excluded_lines": 0}, "missing_lines": [30, 31, 32, 33, 35, 36, 39, 40, 41, 42, 43, 44, 45, 46, 47, 48, 49, 50, 51], "excluded_lines": []}, "tests/test_worker.py": {"executed_lines": [27, 28, 30, 31, 33, 34, 36, 38], "summary": {"covered_lines": 8, "num_statements": 85, "percent_covered": 9.411764705882353, "percent_covered_display": "9", "missing_lines": 77, "excluded_lines": 0}, "missing_lines": [39, 40, 41, 44, 45, 47, 48, 52, 53, 54, 55, 56, 58, 60, 61, 64, 65, 66, 68, 69, 70, 71, 72, 73, 74, 79, 80, 81, 82, 83, 84, 85, 86, 87, 90, 92, 94, 95, 96, 99, 100, 101, 102, 103, 106, 107, 109, 110, 113, 114, 115, 116, 117, 120, 121, 123, 124, 125, 126, 129, 130, 131, 134, 136, 137, 138, 139, 141, 142, 143, 144, 146, 165, 167, 168, 169, 170], "excluded_lines": []}, "tuna/__init__.py": {"executed_lines": [1], "summary": {"covered_lines": 0, "num_statements": 0, "percent_covered": 100.0, "percent_covered_display": "100", "missing_lines": 0, "excluded_lines": 0}, "missing_lines": [], "excluded_lines": []}, "tuna/abort.py": {"executed_lines": [27, 29, 32], "summary": {"covered_lines": 3, "num_statements": 14, "percent_covered": 21.428571428571427, "percent_covered_display": "21", "missing_lines": 11, "excluded_lines": 0}, "missing_lines": [34, 36, 37, 38, 40, 41, 42, 43, 44, 45, 47], "excluded_lines": []}, "tuna/config_type.py": {"executed_lines": [27, 28, 32, 33, 35, 36, 38], "summary": {"covered_lines": 6, "num_statements": 7, "percent_covered": 85.71428571428571, "percent_covered_display": "86", "missing_lines": 1, "excluded_lines": 0}, "missing_lines": [39], "excluded_lines": []}, "tuna/connection.py": {"executed_lines": [27, 28, 29, 30, 31, 32, 33, 35, 36, 38, 39, 40, 43, 44, 48, 71, 90, 91, 109, 124, 135, 182, 228, 233, 273], "summary": {"covered_lines": 24, "num_statements": 171, "percent_covered": 14.035087719298245, "percent_covered_display": "14", "missing_lines": 147, "excluded_lines": 0}, "missing_lines": [50, 51, 52, 53, 55, 59, 60, 63, 65, 66, 68, 69, 73, 74, 76, 77, 78, 79, 81, 82, 83, 84, 85, 87, 88, 93, 94, 95, 96, 97, 98, 99, 100, 101, 102, 103, 104, 105, 107, 111, 112, 113, 114, 115, 116, 117, 118, 119, 120, 122, 126, 127, 128, 129, 131, 132, 133, 141, 142, 144, 147, 153, 154, 156, 157, 158, 160, 161, 162, 163, 165, 166, 167, 168, 169, 171, 172, 174, 175, 177, 179, 180, 185, 186, 187, 188, 190, 192, 193, 194, 195, 197, 198, 199, 200, 201, 202, 203, 204, 205, 206, 207, 208, 209, 210, 211, 212, 213, 215, 216, 217, 218, 219, 221, 223, 224, 225, 226, 230, 231, 235, 236, 238, 239, 241, 242, 243, 244, 245, 246, 248, 249, 255, 256, 257, 259, 260, 261, 264, 266, 268, 270, 271, 275, 276, 277, 278], "excluded_lines": []}, "tuna/dbBase/__init__.py": {"executed_lines": [1], "summary": {"covered_lines": 0, "num_statements": 0, "percent_covered": 100.0, "percent_covered_display": "100", "missing_lines": 0, "excluded_lines": 0}, "missing_lines": [], "excluded_lines": []}, "tuna/dbBase/base_class.py": {"executed_lines": [27, 28, 29, 30, 31, 34, 35, 36, 37, 39, 40, 41, 45, 47, 70, 75], "summary": {"covered_lines": 15, "num_statements": 31, "percent_covered": 48.38709677419355, "percent_covered_display": "48", "missing_lines": 16, "excluded_lines": 0}, "missing_lines": [49, 50, 51, 52, 55, 56, 58, 59, 60, 62, 63, 64, 65, 67, 68, 72], "excluded_lines": []}, "tuna/dbBase/sql_alchemy.py": {"executed_lines": [27, 28, 31, 32, 34, 43, 53, 56, 60, 61, 63, 68, 73], "summary": {"covered_lines": 11, "num_statements": 25, "percent_covered": 44.0, "percent_covered_display": "44", "missing_lines": 14, "excluded_lines": 0}, "missing_lines": [41, 47, 48, 50, 51, 54, 57, 64, 65, 66, 69, 70, 71, 74], "excluded_lines": []}, "tuna/db_engine.py": {"executed_lines": [27, 28, 29, 30, 31, 33, 34, 37], "summary": {"covered_lines": 8, "num_statements": 8, "percent_covered": 100.0, "percent_covered_display": "100", "missing_lines": 0, "excluded_lines": 0}, "missing_lines": [], "excluded_lines": []}, "tuna/driver_base.py": {"executed_lines": [27, 28, 29, 30, 31, 32], "summary": {"covered_lines": 6, "num_statements": 131, "percent_covered": 4.580152671755725, "percent_covered_display": "5", "missing_lines": 125, "excluded_lines": 0}, "missing_lines": [33, 35, 40, 43, 44, 45, 47, 48, 50, 52, 55, 56, 57, 58, 59, 61, 62, 64, 66, 68, 69, 72, 73, 74, 75, 76, 77, 78, 79, 80, 81, 82, 83, 84, 85, 86, 87, 90, 91, 93, 95, 98, 99, 100, 101, 102, 103, 104, 105, 106, 107, 108, 110, 112, 115, 117, 119, 121, 122, 123, 124, 126, 127, 128, 129, 130, 131, 132, 133, 134, 135, 136, 137, 139, 141, 144, 146, 148, 150, 151, 152, 154, 155, 156, 157, 158, 159, 160, 161, 162, 163, 164, 165, 166, 167, 169, 171, 173, 174, 175, 176, 178, 179, 181, 182, 184, 186, 189, 191, 192, 193, 194, 195, 196, 197, 198, 200, 204, 206, 208, 209, 210, 211, 213, 214], "excluded_lines": []}, "tuna/driver_conv.py": {"executed_lines": [27, 28], "summary": {"covered_lines": 2, "num_statements": 99, "percent_covered": 2.0202020202020203, "percent_covered_display": "2", "missing_lines": 97, "excluded_lines": 0}, "missing_lines": [29, 30, 31, 32, 33, 34, 35, 39, 42, 44, 45, 46, 47, 48, 49, 50, 51, 52, 53, 54, 55, 56, 57, 58, 59, 60, 61, 62, 63, 64, 65, 66, 67, 68, 69, 70, 71, 72, 73, 74, 76, 78, 79, 81, 82, 84, 86, 87, 89, 90, 93, 95, 97, 98, 99, 100, 102, 103, 105, 106, 108, 111, 113, 115, 116, 118, 120, 122, 123, 124, 125, 127, 128, 130, 132, 134, 135, 137, 139, 141, 142, 143, 145, 146, 148, 150, 151, 153, 155, 157, 159, 160, 164, 165, 167, 168, 169], "excluded_lines": []}, "tuna/fin_builder.py": {"executed_lines": [27, 29, 31, 33], "summary": {"covered_lines": 4, "num_statements": 67, "percent_covered": 5.970149253731344, "percent_covered_display": "6", "missing_lines": 63, "excluded_lines": 0}, "missing_lines": [34, 35, 36, 39, 43, 47, 50, 52, 54, 56, 58, 59, 60, 61, 62, 63, 64, 65, 66, 68, 69, 71, 73, 75, 76, 77, 78, 79, 80, 81, 82, 84, 90, 92, 94, 95, 98, 99, 100, 102, 103, 104, 105, 106, 107, 108, 109, 111, 112, 114, 115, 117, 118, 119, 120, 121, 122, 125, 126, 128, 129, 131, 132], "excluded_lines": []}, "tuna/fin_eval.py": {"executed_lines": [27, 29, 30, 31, 33, 35], "summary": {"covered_lines": 6, "num_statements": 164, "percent_covered": 3.658536585365854, "percent_covered_display": "4", "missing_lines": 158, "excluded_lines": 0}, "missing_lines": [36, 37, 38, 39, 41, 44, 48, 49, 50, 52, 54, 55, 56, 57, 58, 59, 61, 63, 64, 65, 66, 69, 70, 71, 72, 74, 76, 77, 78, 81, 87, 88, 89, 90, 95, 97, 99, 101, 102, 104, 105, 106, 108, 116, 117, 118, 119, 121, 123, 124, 125, 126, 127, 128, 129, 130, 131, 132, 136, 139, 141, 142, 143, 144, 150, 151, 152, 159, 160, 162, 163, 164, 165, 167, 170, 171, 174, 175, 176, 177, 178, 179, 180, 182, 184, 187, 189, 190, 192, 193, 198, 199, 200, 201, 202, 203, 204, 206, 209, 210, 212, 214, 216, 217, 218, 220, 221, 223, 224, 225, 227, 230, 231, 232, 233, 235, 237, 239, 241, 242, 243, 245, 246, 247, 248, 249, 252, 255, 256, 258, 259, 260, 261, 262, 263, 264, 265, 266, 268, 269, 270, 271, 272, 274, 275, 276, 282, 283, 285, 286, 287, 288, 289, 291, 293, 297, 298, 300], "excluded_lines": []}, "tuna/fin_utils.py": {"executed_lines": [27, 30, 31, 32, 33, 34, 36, 39, 57, 66, 78, 117], "summary": {"covered_lines": 12, "num_statements": 72, "percent_covered": 16.666666666666668, "percent_covered_display": "17", "missing_lines": 60, "excluded_lines": 0}, "missing_lines": [42, 51, 52, 54, 59, 60, 61, 62, 63, 68, 69, 70, 71, 72, 73, 75, 80, 81, 82, 83, 84, 86, 87, 88, 89, 90, 91, 92, 93, 95, 96, 97, 98, 100, 101, 102, 103, 104, 106, 107, 108, 109, 112, 114, 119, 120, 121, 122, 123, 124, 125, 126, 127, 128, 130, 131, 132, 133, 134, 136], "excluded_lines": []}, "tuna/find_db.py": {"executed_lines": [27, 28, 29, 30, 31, 33, 35, 38, 39, 42, 43, 45, 46, 48, 50, 51, 53, 55, 56, 57, 58, 59, 60, 62, 87, 135, 136, 137, 138, 146, 147, 151, 152, 157, 158, 159, 160, 167, 168, 172, 173], "summary": {"covered_lines": 38, "num_statements": 85, "percent_covered": 44.705882352941174, "percent_covered_display": "45", "missing_lines": 47, "excluded_lines": 0}, "missing_lines": [68, 74, 75, 77, 78, 79, 82, 83, 85, 89, 90, 91, 92, 94, 95, 96, 97, 100, 101, 102, 103, 104, 105, 106, 107, 108, 109, 110, 112, 114, 115, 116, 117, 118, 119, 120, 121, 123, 125, 127, 129, 130, 132, 153, 154, 174, 175], "excluded_lines": []}, "tuna/helper.py": {"executed_lines": [27, 29, 30, 31, 32, 34, 35, 36], "summary": {"covered_lines": 8, "num_statements": 245, "percent_covered": 3.2653061224489797, "percent_covered_display": "3", "missing_lines": 237, "excluded_lines": 0}, "missing_lines": [37, 38, 39, 40, 41, 42, 43, 44, 46, 51, 53, 54, 55, 57, 58, 59, 60, 61, 62, 63, 65, 66, 68, 71, 73, 74, 75, 79, 81, 82, 83, 85, 86, 87, 88, 89, 92, 94, 95, 96, 98, 101, 103, 104, 106, 107, 108, 109, 111, 114, 116, 117, 119, 120, 121, 122, 124, 127, 129, 130, 131, 132, 133, 134, 136, 137, 138, 139, 140, 141, 143, 144, 145, 146, 147, 148, 150, 151, 152, 153, 154, 156, 158, 161, 163, 164, 165, 166, 167, 168, 170, 171, 172, 174, 176, 177, 179, 182, 184, 185, 186, 188, 192, 194, 195, 196, 198, 199, 201, 205, 207, 208, 209, 211, 213, 217, 219, 220, 221, 223, 225, 226, 228, 232, 235, 237, 238, 239, 240, 241, 242, 243, 244, 245, 246, 248, 252, 255, 256, 257, 258, 259, 260, 261, 262, 263, 264, 267, 268, 270, 274, 277, 279, 283, 286, 288, 292, 295, 296, 298, 299, 300, 301, 302, 303, 304, 305, 306, 307, 308, 309, 310, 311, 312, 313, 315, 319, 322, 324, 325, 327, 328, 329, 330, 331, 332, 333, 334, 335, 336, 337, 338, 339, 340, 342, 346, 348, 349, 351, 353, 354, 356, 359, 361, 362, 363, 364, 365, 366, 367, 368, 369, 370, 371, 372, 373, 376, 378, 379, 380, 381, 382, 383, 384, 385, 386, 387, 389, 390, 391, 392, 393, 394, 395, 396, 397, 400], "excluded_lines": []}, "tuna/import_configs.py": {"executed_lines": [27, 28, 29, 31, 32], "summary": {"covered_lines": 5, "num_statements": 115, "percent_covered": 4.3478260869565215, "percent_covered_display": "4", "missing_lines": 110, "excluded_lines": 0}, "missing_lines": [33, 34, 35, 36, 37, 38, 40, 43, 45, 48, 56, 61, 66, 71, 79, 89, 90, 91, 93, 94, 97, 99, 100, 101, 102, 103, 105, 106, 109, 113, 114, 115, 117, 119, 120, 121, 122, 123, 124, 125, 127, 128, 129, 131, 132, 136, 137, 140, 142, 145, 149, 151, 152, 153, 154, 155, 156, 157, 158, 160, 161, 162, 165, 166, 167, 168, 169, 170, 171, 173, 176, 180, 181, 182, 184, 185, 188, 190, 191, 193, 195, 196, 198, 199, 200, 201, 203, 206, 208, 210, 211, 212, 213, 214, 215, 216, 217, 218, 219, 221, 224, 226, 227, 229, 231, 233, 234, 235, 238, 239], "excluded_lines": []}, "tuna/machine.py": {"executed_lines": [27, 29, 30, 31, 32, 33, 34, 35, 36, 38], "summary": {"covered_lines": 10, "num_statements": 323, "percent_covered": 3.0959752321981426, "percent_covered_display": "3", "missing_lines": 313, "excluded_lines": 0}, "missing_lines": [39, 40, 41, 42, 43, 44, 46, 47, 48, 51, 53, 54, 55, 56, 57, 58, 59, 60, 61, 62, 63, 64, 65, 66, 67, 68, 69, 70, 71, 73, 74, 76, 81, 83, 86, 87, 88, 89, 90, 91, 92, 93, 94, 96, 97, 98, 99, 101, 102, 103, 104, 105, 106, 107, 108, 111, 112, 113, 114, 115, 119, 121, 123, 124, 125, 126, 128, 130, 131, 132, 136, 138, 140, 142, 143, 144, 146, 148, 157, 158, 159, 160, 162, 164, 166, 167, 169, 171, 173, 174, 175, 176, 177, 178, 180, 182, 183, 184, 185, 187, 189, 191, 192, 194, 196, 199, 201, 202, 203, 204, 205, 206, 207, 208, 209, 211, 212, 213, 214, 215, 216, 217, 218, 219, 221, 222, 223, 224, 225, 226, 227, 228, 230, 231, 232, 233, 234, 235, 236, 238, 240, 241, 242, 244, 245, 246, 248, 250, 252, 254, 256, 257, 259, 260, 261, 262, 264, 265, 266, 267, 268, 269, 270, 275, 276, 277, 278, 279, 280, 281, 282, 284, 286, 290, 291, 292, 294, 295, 296, 297, 298, 300, 301, 302, 303, 304, 305, 307, 311, 313, 314, 316, 317, 318, 319, 320, 321, 322, 323, 325, 329, 331, 337, 338, 339, 340, 341, 342, 343, 344, 345, 346, 347, 349, 351, 354, 355, 357, 358, 359, 360, 361, 362, 363, 364, 365, 366, 367, 368, 369, 370, 371, 372, 373, 374, 376, 377, 379, 381, 383, 385, 386, 387, 388, 389, 390, 392, 394, 396, 397, 398, 399, 401, 402, 403, 404, 405, 406, 407, 408, 409, 410, 412, 414, 415, 417, 418, 419, 420, 421, 423, 424, 425, 426, 427, 428, 429, 430, 431, 432, 433, 434, 436, 437, 438, 439, 440, 441, 443, 444, 446, 448, 449, 450, 451, 452, 453, 454, 456, 457, 459, 460, 461, 462, 463, 464, 465, 467, 469, 470, 472, 473, 474], "excluded_lines": []}, "tuna/machine_management_interface.py": {"executed_lines": [27, 29, 30, 31, 32, 33, 34, 35, 36, 37, 38, 39, 41, 43], "summary": {"covered_lines": 14, "num_statements": 140, "percent_covered": 10.0, "percent_covered_display": "10", "missing_lines": 126, "excluded_lines": 0}, "missing_lines": [45, 46, 47, 48, 49, 52, 54, 55, 56, 63, 64, 65, 66, 67, 68, 71, 74, 75, 76, 77, 78, 79, 80, 83, 89, 90, 91, 92, 93, 96, 98, 100, 101, 102, 104, 106, 107, 108, 109, 110, 111, 112, 113, 116, 118, 119, 122, 128, 129, 131, 137, 138, 139, 140, 141, 142, 144, 146, 147, 148, 149, 150, 151, 152, 153, 156, 157, 160, 162, 163, 164, 165, 166, 169, 172, 174, 176, 178, 179, 183, 185, 186, 187, 188, 189, 191, 194, 199, 200, 205, 206, 207, 208, 209, 210, 211, 212, 213, 216, 219, 220, 221, 222, 223, 224, 225, 227, 228, 229, 230, 231, 233, 235, 236, 237, 239, 240, 241, 243, 245, 246, 247, 249, 250, 253, 254], "excluded_lines": []}, "tuna/metadata.py": {"executed_lines": [27, 30, 32, 33, 35, 39, 40, 41, 42, 44, 45, 46, 47, 49, 50, 52, 55, 56, 57, 59, 119, 152, 167, 183, 198, 214, 225, 226, 228, 235, 239, 241, 245, 279, 280, 282, 283, 285, 286, 287, 289, 294, 302, 304, 363, 365, 366, 367, 368, 369, 371, 442, 461, 468, 474, 480, 485, 493, 528, 563, 593, 595, 600, 612, 620, 627, 629], "summary": {"covered_lines": 67, "num_statements": 82, "percent_covered": 81.70731707317073, "percent_covered_display": "82", "missing_lines": 15, "excluded_lines": 0}, "missing_lines": [43, 48, 51, 53, 445, 446, 447, 448, 449, 451, 452, 453, 455, 456, 457], "excluded_lines": []}, "tuna/miopen_tables.py": {"executed_lines": [27, 28, 29, 30, 31, 32, 33, 34, 35, 36, 38, 39], "summary": {"covered_lines": 12, "num_statements": 286, "percent_covered": 4.195804195804196, "percent_covered_display": "4", "missing_lines": 274, "excluded_lines": 0}, "missing_lines": [40, 41, 42, 43, 45, 49, 52, 53, 56, 59, 60, 61, 62, 63, 66, 68, 69, 71, 74, 76, 78, 81, 88, 90, 91, 93, 96, 98, 100, 105, 112, 114, 115, 117, 120, 122, 124, 129, 136, 138, 140, 143, 147, 149, 151, 152, 155, 157, 158, 160, 161, 162, 165, 168, 170, 171, 181, 182, 183, 184, 185, 186, 187, 188, 191, 193, 195, 196, 197, 198, 199, 200, 201, 202, 203, 204, 205, 206, 207, 208, 209, 210, 211, 212, 213, 214, 215, 219, 223, 224, 227, 229, 230, 236, 237, 241, 242, 243, 246, 248, 249, 260, 261, 262, 263, 264, 265, 266, 267, 268, 269, 270, 274, 276, 278, 281, 284, 285, 288, 290, 291, 293, 296, 298, 299, 301, 304, 306, 307, 309, 312, 315, 316, 317, 318, 319, 320, 321, 322, 323, 324, 325, 326, 327, 328, 329, 330, 331, 332, 333, 334, 335, 336, 339, 342, 343, 344, 345, 346, 347, 348, 349, 350, 353, 356, 357, 359, 361, 362, 365, 366, 367, 368, 369, 370, 371, 372, 373, 374, 375, 376, 377, 382, 384, 385, 390, 393, 395, 396, 399, 402, 404, 405, 408, 411, 414, 415, 417, 419, 420, 422, 424, 427, 429, 430, 432, 435, 437, 438, 440, 443, 445, 446, 448, 451, 454, 455, 457, 459, 460, 462, 468, 469, 470, 473, 475, 476, 483, 484, 485, 486, 487, 490, 492, 493, 501, 504, 506, 507, 508, 509, 510, 511, 512, 513, 514, 515, 518, 520, 521, 522, 523, 524, 527, 529, 530, 531, 532, 533, 534, 535, 536, 537, 538, 541, 543, 544, 545, 546, 547, 549, 550, 551, 553], "excluded_lines": []}, "tuna/parse_args.py": {"executed_lines": [27, 28, 29, 30, 31], "summary": {"covered_lines": 5, "num_statements": 22, "percent_covered": 22.727272727272727, "percent_covered_display": "23", "missing_lines": 17, "excluded_lines": 0}, "missing_lines": [34, 36, 37, 38, 39, 40, 43, 45, 46, 47, 56, 57, 65, 66, 75, 76, 83], "excluded_lines": []}, "tuna/parsing.py": {"executed_lines": [27, 29, 31, 32, 33, 34, 35], "summary": {"covered_lines": 7, "num_statements": 270, "percent_covered": 2.5925925925925926, "percent_covered_display": "3", "missing_lines": 263, "excluded_lines": 0}, "missing_lines": [36, 37, 39, 42, 44, 45, 46, 48, 49, 50, 51, 52, 53, 54, 55, 56, 57, 59, 60, 61, 63, 64, 66, 67, 69, 70, 71, 72, 73, 75, 78, 80, 83, 84, 86, 87, 88, 91, 92, 93, 95, 96, 98, 99, 100, 101, 102, 105, 106, 107, 108, 110, 111, 112, 113, 114, 119, 125, 128, 130, 131, 132, 133, 134, 135, 136, 139, 140, 141, 142, 144, 145, 146, 147, 148, 151, 153, 159, 162, 166, 167, 168, 169, 170, 171, 172, 173, 176, 177, 178, 179, 180, 182, 183, 184, 185, 186, 189, 191, 197, 200, 202, 203, 204, 205, 206, 207, 209, 210, 211, 214, 217, 218, 219, 221, 222, 223, 224, 225, 229, 230, 231, 234, 236, 237, 238, 239, 240, 241, 244, 246, 247, 248, 249, 250, 251, 252, 253, 254, 255, 256, 257, 258, 259, 260, 262, 265, 267, 268, 269, 270, 271, 272, 273, 274, 275, 276, 277, 278, 279, 280, 281, 283, 286, 288, 289, 290, 291, 292, 293, 294, 295, 296, 298, 299, 300, 301, 302, 303, 305, 306, 307, 308, 309, 310, 312, 315, 316, 318, 321, 323, 324, 325, 326, 327, 328, 330, 331, 332, 334, 337, 339, 340, 341, 342, 343, 344, 345, 347, 349, 352, 354, 355, 356, 358, 359, 361, 362, 365, 367, 368, 369, 373, 375, 377, 380, 382, 383, 384, 385, 386, 388, 389, 390, 391, 393, 394, 395, 397, 398, 401, 404, 406, 407, 408, 409, 410, 411, 412, 413, 414, 416, 418, 419, 420, 421, 422, 423, 424, 425, 427, 430, 432], "excluded_lines": []}, "tuna/populate_golden.py": {"executed_lines": [27, 28, 29], "summary": {"covered_lines": 3, "num_statements": 50, "percent_covered": 6.0, "percent_covered_display": "6", "missing_lines": 47, "excluded_lines": 0}, "missing_lines": [30, 31, 32, 33, 36, 39, 41, 43, 51, 56, 57, 60, 62, 63, 67, 70, 72, 73, 74, 76, 77, 78, 79, 80, 81, 82, 83, 84, 85, 86, 87, 88, 89, 90, 91, 92, 93, 94, 95, 96, 98, 101, 103, 104, 105, 108, 109], "excluded_lines": []}, "tuna/sql.py": {"executed_lines": [27, 28, 31, 32, 34, 60, 75, 81, 84, 88, 89, 91, 96, 102], "summary": {"covered_lines": 12, "num_statements": 47, "percent_covered": 25.53191489361702, "percent_covered_display": "26", "missing_lines": 35, "excluded_lines": 0}, "missing_lines": [41, 42, 43, 45, 46, 47, 49, 50, 51, 53, 54, 55, 57, 58, 63, 64, 66, 70, 71, 72, 73, 77, 78, 79, 82, 85, 92, 93, 94, 97, 98, 99, 100, 103, 104], "excluded_lines": []}, "tuna/utils/__init__.py": {"executed_lines": [1], "summary": {"covered_lines": 0, "num_statements": 0, "percent_covered": 100.0, "percent_covered_display": "100", "missing_lines": 0, "excluded_lines": 0}, "missing_lines": [], "excluded_lines": []}, "tuna/utils/db_utility.py": {"executed_lines": [27, 29, 30, 31, 32, 33, 35, 36], "summary": {"covered_lines": 8, "num_statements": 44, "percent_covered": 18.181818181818183, "percent_covered_display": "18", "missing_lines": 36, "excluded_lines": 0}, "missing_lines": [37, 38, 40, 43, 45, 46, 47, 48, 49, 50, 51, 52, 53, 55, 58, 60, 61, 62, 63, 64, 65, 66, 67, 68, 69, 70, 71, 72, 73, 74, 76, 77, 80, 82, 83, 84], "excluded_lines": []}, "tuna/utils/logger.py": {"executed_lines": [27, 28, 29, 32, 34, 35, 36, 37, 38, 41, 42, 43, 44], "summary": {"covered_lines": 13, "num_statements": 13, "percent_covered": 100.0, "percent_covered_display": "100", "missing_lines": 0, "excluded_lines": 0}, "missing_lines": [], "excluded_lines": []}, "tuna/utils/merge_db.py": {"executed_lines": [27, 28, 29, 30, 31, 33], "summary": {"covered_lines": 6, "num_statements": 297, "percent_covered": 2.0202020202020203, "percent_covered_display": "2", "missing_lines": 291, "excluded_lines": 0}, "missing_lines": [34, 35, 36, 37, 38, 40, 42, 44, 45, 47, 50, 53, 54, 55, 56, 57, 58, 59, 60, 61, 62, 65, 67, 69, 79, 88, 89, 95, 101, 108, 114, 122, 131, 133, 134, 136, 139, 141, 142, 143, 144, 145, 146, 147, 148, 149, 150, 151, 152, 153, 155, 157, 158, 159, 160, 161, 162, 164, 167, 169, 170, 171, 173, 174, 175, 176, 177, 178, 180, 183, 185, 186, 187, 188, 189, 190, 191, 192, 193, 194, 195, 197, 200, 202, 203, 204, 205, 206, 207, 208, 210, 213, 216, 217, 218, 219, 220, 222, 223, 225, 231, 233, 234, 237, 240, 242, 243, 244, 246, 249, 251, 253, 254, 255, 256, 257, 258, 260, 263, 265, 266, 267, 269, 270, 271, 272, 273, 274, 275, 276, 277, 278, 280, 281, 282, 283, 284, 287, 289, 290, 291, 293, 294, 295, 296, 298, 299, 300, 301, 302, 303, 304, 307, 310, 311, 312, 314, 315, 317, 319, 320, 321, 323, 324, 325, 328, 330, 331, 333, 335, 337, 338, 340, 341, 342, 344, 346, 348, 351, 353, 354, 356, 357, 358, 359, 360, 361, 362, 364, 365, 366, 367, 368, 369, 370, 371, 372, 373, 374, 375, 376, 377, 379, 381, 383, 384, 385, 387, 389, 390, 391, 392, 393, 394, 395, 396, 399, 401, 402, 403, 404, 406, 407, 409, 411, 412, 413, 414, 415, 417, 421, 422, 423, 426, 428, 429, 431, 432, 433, 434, 435, 437, 439, 441, 443, 444, 445, 447, 448, 450, 451, 452, 454, 456, 458, 461, 463, 464, 466, 467, 469, 471, 474, 476, 477, 478, 479, 480, 481, 482, 483, 484, 485, 486, 487, 489, 490, 491, 492, 493, 494, 495, 497, 499, 500, 503, 505, 506, 507, 510, 511], "excluded_lines": []}, "tuna/utils/utility.py": {"executed_lines": [27, 29, 30, 31, 33, 35, 38, 50, 68, 95, 97, 98, 101, 102, 105, 106, 109, 110, 113, 114, 117, 119, 123, 125, 128, 141, 142, 143, 144, 145], "summary": {"covered_lines": 29, "num_statements": 78, "percent_covered": 37.17948717948718, "percent_covered_display": "37", "missing_lines": 49, "excluded_lines": 0}, "missing_lines": [40, 41, 42, 43, 44, 46, 47, 52, 53, 54, 56, 58, 59, 60, 61, 62, 63, 65, 70, 71, 72, 73, 74, 76, 77, 79, 81, 82, 84, 85, 86, 87, 88, 90, 91, 92, 99, 103, 107, 111, 115, 126, 129, 130, 132, 133, 134, 136, 138], "excluded_lines": []}, "tuna/worker_interface.py": {"executed_lines": [27, 28, 29, 30, 33, 34, 35, 36, 37, 38, 39, 40, 41, 42, 44, 45], "summary": {"covered_lines": 16, "num_statements": 532, "percent_covered": 3.007518796992481, "percent_covered_display": "3", "missing_lines": 516, "excluded_lines": 0}, "missing_lines": [31, 32, 46, 47, 48, 49, 50, 51, 52, 53, 54, 55, 56, 57, 59, 61, 62, 63, 64, 65, 66, 68, 69, 70, 71, 72, 73, 75, 78, 86, 88, 90, 96, 99, 100, 101, 102, 103, 104, 105, 106, 107, 108, 109, 110, 111, 112, 113, 114, 115, 116, 117, 118, 119, 120, 121, 122, 124, 127, 130, 131, 133, 135, 136, 137, 138, 139, 140, 141, 142, 144, 147, 148, 149, 150, 151, 155, 157, 160, 161, 162, 163, 165, 166, 167, 168, 169, 170, 171, 172, 173, 174, 177, 179, 181, 182, 184, 186, 188, 190, 191, 193, 195, 196, 197, 198, 199, 201, 202, 203, 204, 205, 206, 207, 208, 209, 210, 212, 213, 215, 217, 219, 220, 221, 222, 224, 225, 228, 229, 230, 231, 233, 234, 235, 236, 237, 238, 240, 242, 245, 246, 247, 249, 250, 252, 254, 255, 260, 262, 263, 264, 265, 266, 267, 268, 269, 271, 273, 275, 278, 284, 285, 286, 287, 290, 291, 295, 298, 300, 302, 303, 304, 305, 306, 307, 308, 310, 311, 313, 315, 316, 318, 319, 320, 323, 324, 326, 328, 330, 331, 332, 333, 334, 336, 337, 338, 340, 342, 345, 346, 347, 348, 349, 350, 351, 352, 353, 354, 355, 357, 363, 364, 365, 366, 367, 369, 370, 371, 372, 373, 374, 378, 380, 383, 389, 390, 391, 392, 393, 399, 401, 403, 404, 406, 409, 416, 417, 420, 421, 422, 424, 426, 429, 437, 438, 440, 441, 442, 444, 447, 449, 450, 453, 455, 456, 457, 458, 459, 460, 461, 462, 463, 464, 465, 467, 469, 471, 472, 473, 474, 476, 477, 478, 479, 489, 497, 499, 502, 503, 504, 507, 508, 509, 510, 511, 512, 513, 516, 517, 518, 520, 523, 526, 528, 529, 530, 531, 532, 533, 539, 540, 552, 553, 555, 556, 562, 563, 564, 565, 567, 568, 569, 570, 572, 573, 575, 578, 580, 582, 583, 584, 585, 586, 588, 590, 593, 594, 595, 596, 599, 600, 601, 602, 604, 606, 609, 610, 612, 614, 615, 616, 618, 619, 622, 623, 624, 625, 626, 627, 629, 630, 631, 633, 634, 635, 637, 638, 639, 640, 642, 644, 645, 647, 648, 649, 653, 654, 656, 657, 658, 659, 660, 661, 662, 663, 665, 667, 668, 670, 672, 673, 676, 677, 679, 680, 682, 685, 687, 689, 690, 691, 692, 693, 694, 695, 696, 697, 698, 699, 700, 701, 702, 704, 707, 708, 710, 714, 715, 717, 720, 722, 725, 727, 729, 731, 732, 733, 734, 735, 736, 737, 738, 739, 740, 741, 742, 743, 744, 747, 748, 749, 750, 751, 753, 755, 757, 758, 759, 760, 761, 762, 763, 764, 765, 766, 767, 768, 770, 773, 774, 776, 783, 784, 785, 786, 789, 790, 791, 792, 793, 794, 795, 797, 799, 800, 801, 802, 803, 804, 806, 807, 808, 809, 810, 811, 812, 813, 815, 816, 817, 819, 822, 823, 824, 827, 829, 830, 831, 832, 835, 836, 837, 838, 839, 840, 841, 842, 843, 845, 846, 847, 849, 850, 851, 852, 853, 854, 855, 857, 858, 859, 860, 861, 862, 863, 865], "excluded_lines": []}}, "totals": {"covered_lines": 463, "num_statements": 4334, "percent_covered": 10.682971850484542, "percent_covered_display": "11", "missing_lines": 3871, "excluded_lines": 0}}